<?xml version="1.0" encoding="UTF-8"?>
<!-- Generated by org.testng.reporters.JUnitReportReporter -->
<testsuite hostname="users-iMac.lan" failures="0" tests="2" name="api_tests.TestNGDemo" time="0.015" errors="0" timestamp="2024-06-08T18:50:59 CDT" skipped="0">
  <testcase classname="api_tests.TestNGDemo" name="demoTest" time="0.013"/>
  <testcase classname="api_tests.TestNGDemo" name="anotherTest" time="0.002"/>
</testsuite> <!-- api_tests.TestNGDemo -->
