<?xml version="1.0" encoding="UTF-8"?>
<!-- Generated by org.testng.reporters.JUnitReportReporter -->
<testsuite hostname="users-iMac.lan" failures="0" tests="1" name="api_tests.Items_Mngt_Improved" time="1.897" errors="0" timestamp="2024-06-11T23:01:38 CDT" skipped="0">
  <testcase classname="api_tests.Items_Mngt_Improved" name="petStore_invalid_endpoint" time="1.897"/>
</testsuite> <!-- api_tests.Items_Mngt_Improved -->
