<?xml version="1.0" encoding="UTF-8"?>
<!-- Generated by org.testng.reporters.JUnitReportReporter -->
<testsuite hostname="users-iMac.lan" failures="0" tests="6" name="api_tests.Items_management_api" time="5.294" errors="0" timestamp="2024-06-09T00:29:40 CDT" skipped="0">
  <testcase classname="api_tests.Items_management_api" name="get_item" time="0.469"/>
  <testcase classname="api_tests.Items_management_api" name="create_item" time="0.786"/>
  <testcase classname="api_tests.Items_management_api" name="login_test" time="1.805"/>
  <testcase classname="api_tests.Items_management_api" name="list_all_items" time="1.483"/>
  <testcase classname="api_tests.Items_management_api" name="update_item" time="0.546"/>
  <testcase classname="api_tests.Items_management_api" name="delete_item" time="0.205"/>
</testsuite> <!-- api_tests.Items_management_api -->
